#
# There is insufficient memory for the Java Runtime Environment to continue.
# Native memory allocation (malloc) failed to allocate 1048576 bytes for AllocateHeap
# Possible reasons:
#   The system is out of physical RAM or swap space
#   The process is running with CompressedOops enabled, and the Java Heap may be blocking the growth of the native heap
# Possible solutions:
#   Reduce memory load on the system
#   Increase physical memory or swap space
#   Check if swap backing store is full
#   Decrease Java heap size (-Xmx/-Xms)
#   Decrease number of Java threads
#   Decrease Java thread stack sizes (-Xss)
#   Set larger code cache with -XX:ReservedCodeCacheSize=
#   JVM is running with Zero Based Compressed Oops mode in which the Java heap is
#     placed in the first 32GB address space. The Java Heap base address is the
#     maximum limit for the native heap growth. Please use -XX:HeapBaseMinAddress
#     to set the Java Heap base and to place the Java Heap above 32GB virtual address.
# This output file may be truncated or incomplete.
#
#  Out of Memory Error (memory/allocation.inline.hpp:61), pid=1820, tid=0x0000000000002f6c
#
# JRE version:  (8.0_221-b11) (build )
# Java VM: Java HotSpot(TM) 64-Bit Server VM (25.221-b11 mixed mode windows-amd64 compressed oops)
# Failed to write core dump. Minidumps are not enabled by default on client versions of Windows
#

---------------  T H R E A D  ---------------

Current thread (0x000000000227e000):  JavaThread "Unknown thread" [_thread_in_vm, id=12140, stack(0x0000000002280000,0x0000000002380000)]

Stack: [0x0000000002280000,0x0000000002380000]
[error occurred during error reporting (printing stack bounds), id 0xc0000005]

Native frames: (J=compiled Java code, j=interpreted, Vv=VM code, C=native code)


---------------  P R O C E S S  ---------------

Java Threads: ( => current thread )

Other Threads:

=>0x000000000227e000 (exited) JavaThread "Unknown thread" [_thread_in_vm, id=12140, stack(0x0000000002280000,0x0000000002380000)]

VM state:not at safepoint (normal execution)

VM Mutex/Monitor currently owned by a thread: None

heap address: 0x00000006c0e00000, size: 4082 MB, Compressed Oops mode: Zero based, Oop shift amount: 3
Narrow klass base: 0x0000000000000000, Narrow klass shift: 3
Compressed class space size: 1073741824 Address: 0x00000007c0000000

Heap:
 PSYoungGen      total 76288K, used 1310K [0x000000076af80000, 0x0000000770480000, 0x00000007c0000000)
  eden space 65536K, 2% used [0x000000076af80000,0x000000076b0c7af0,0x000000076ef80000)
  from space 10752K, 0% used [0x000000076fa00000,0x000000076fa00000,0x0000000770480000)
  to   space 10752K, 0% used [0x000000076ef80000,0x000000076ef80000,0x000000076fa00000)
 ParOldGen       total 175104K, used 0K [0x00000006c0e00000, 0x00000006cb900000, 0x000000076af80000)
  object space 175104K, 0% used [0x00000006c0e00000,0x00000006c0e00000,0x00000006cb900000)
 Metaspace       used 752K, capacity 4480K, committed 4480K, reserved 1056768K
  class space    used 76K, capacity 384K, committed 384K, reserved 1048576K

Card table byte_map: [0x00000000118e0000,0x00000000120e0000] byte_map_base: 0x000000000e2d9000

Marking Bits: (ParMarkBitMap*) 0x00000000631b5ce0
 Begin Bits: [0x0000000012e40000, 0x0000000016e08000)
 End Bits:   [0x0000000016e08000, 0x000000001add0000)

Polling page: 0x0000000002380000

CodeCache: size=245760Kb used=328Kb max_used=328Kb free=245431Kb
 bounds [0x0000000002520000, 0x0000000002790000, 0x0000000011520000]
 total_blobs=58 nmethods=0 adapters=38
 compilation: enabled

Compilation events (0 events):
No events

GC Heap History (0 events):
No events

Deoptimization events (0 events):
No events

Classes redefined (0 events):
No events

Internal exceptions (0 events):
No events

Events (10 events):
Event: 0.023 loading class java/lang/Short
Event: 0.023 loading class java/lang/Short done
Event: 0.023 loading class java/lang/Integer
Event: 0.023 loading class java/lang/Integer done
Event: 0.023 loading class java/lang/Long
Event: 0.023 loading class java/lang/Long done
Event: 0.024 loading class java/lang/NullPointerException
Event: 0.024 loading class java/lang/NullPointerException done
Event: 0.024 loading class java/lang/ArithmeticException
Event: 0.024 loading class java/lang/ArithmeticException done


Dynamic libraries:
0x00007ff6ace90000 - 0x00007ff6acec7000 	C:\Program Files\Java\jre1.8.0_221\bin\javaw.exe
0x00007ffd31e80000 - 0x00007ffd32070000 	C:\Windows\SYSTEM32\ntdll.dll
0x00007ffd31d80000 - 0x00007ffd31e32000 	C:\Windows\System32\KERNEL32.DLL
0x00007ffd2f090000 - 0x00007ffd2f333000 	C:\Windows\System32\KERNELBASE.dll
0x00007ffd31b30000 - 0x00007ffd31bd3000 	C:\Windows\System32\ADVAPI32.dll
0x00007ffd31390000 - 0x00007ffd3142e000 	C:\Windows\System32\msvcrt.dll
0x00007ffd31a90000 - 0x00007ffd31b27000 	C:\Windows\System32\sechost.dll
0x00007ffd318f0000 - 0x00007ffd31a10000 	C:\Windows\System32\RPCRT4.dll
0x00007ffd31be0000 - 0x00007ffd31d74000 	C:\Windows\System32\USER32.dll
0x00007ffd2ee10000 - 0x00007ffd2ee31000 	C:\Windows\System32\win32u.dll
0x00007ffd318c0000 - 0x00007ffd318e6000 	C:\Windows\System32\GDI32.dll
0x00007ffd2fc10000 - 0x00007ffd2fda4000 	C:\Windows\System32\gdi32full.dll
0x00007ffd2eef0000 - 0x00007ffd2ef8e000 	C:\Windows\System32\msvcp_win.dll
0x00007ffd2ef90000 - 0x00007ffd2f08a000 	C:\Windows\System32\ucrtbase.dll
0x00007ffd261e0000 - 0x00007ffd26465000 	C:\Windows\WinSxS\amd64_microsoft.windows.common-controls_6595b64144ccf1df_6.0.18362.476_none_e6c4b11b130f2595\COMCTL32.dll
0x00007ffd2ff30000 - 0x00007ffd30266000 	C:\Windows\System32\combase.dll
0x00007ffd2feb0000 - 0x00007ffd2ff30000 	C:\Windows\System32\bcryptPrimitives.dll
0x00007ffd30bf0000 - 0x00007ffd30c1e000 	C:\Windows\System32\IMM32.DLL
0x00000000627d0000 - 0x00000000628a2000 	C:\Program Files\Java\jre1.8.0_221\bin\msvcr100.dll
0x0000000062990000 - 0x0000000063235000 	C:\Program Files\Java\jre1.8.0_221\bin\server\jvm.dll
0x00007ffd31090000 - 0x00007ffd31098000 	C:\Windows\System32\PSAPI.DLL
0x00007ffd2c790000 - 0x00007ffd2c799000 	C:\Windows\SYSTEM32\WSOCK32.dll
0x00007ffd2b730000 - 0x00007ffd2b754000 	C:\Windows\SYSTEM32\WINMM.dll
0x00007ffd27600000 - 0x00007ffd2760a000 	C:\Windows\SYSTEM32\VERSION.dll
0x00007ffd310b0000 - 0x00007ffd3111f000 	C:\Windows\System32\WS2_32.dll
0x00007ffd2b700000 - 0x00007ffd2b72d000 	C:\Windows\SYSTEM32\WINMMBASE.dll
0x00007ffd2fe40000 - 0x00007ffd2fe8a000 	C:\Windows\System32\cfgmgr32.dll
0x00007ffd2c780000 - 0x00007ffd2c78f000 	C:\Program Files\Java\jre1.8.0_221\bin\verify.dll
0x00007ffd2c750000 - 0x00007ffd2c779000 	C:\Program Files\Java\jre1.8.0_221\bin\java.dll
0x00007ffd2c730000 - 0x00007ffd2c746000 	C:\Program Files\Java\jre1.8.0_221\bin\zip.dll

VM Arguments:
jvm_args: -Dfile.encoding=Cp1252 
java_command: controleurEtVue.InterfaceGraphiqueMenu
java_class_path (initial): C:\Users\GabrielMarrero\Documents\Projet3Objet2-RushHour\Projet3\bin;C:\Users\GabrielMarrero\.p2\pool\plugins\org.eclipse.fx.ide.css.jfx8_1.2.0.201501301049.jar
Launcher Type: SUN_STANDARD

Environment Variables:
PATH=C:/Program Files/Java/jre1.8.0_221/bin/server;C:/Program Files/Java/jre1.8.0_221/bin;C:/Program Files/Java/jre1.8.0_221/lib/amd64;C:\Program Files (x86)\Intel\iCLS Client\;C:\Program Files\Intel\iCLS Client\;C:\Program Files (x86)\Common Files\Oracle\Java\javapath;C:\Windows\system32;C:\Windows;C:\Windows\System32\Wbem;C:\Windows\System32\WindowsPowerShell\v1.0\;C:\Windows\System32\OpenSSH\;C:\Program Files\dotnet\;C:\Program Files\Microsoft SQL Server\130\Tools\Binn\;C:\Program Files (x86)\Microsoft SQL Server\150\DTS\Binn\;C:\Program Files\Git\cmd;C:\Program Files\nodejs\;C:\Program Files\Intel\Intel(R) Management Engine Components\DAL;C:\Program Files (x86)\Intel\Intel(R) Management Engine Components\DAL;C:\Program Files\Intel\Intel(R) Management Engine Components\IPT;C:\Program Files (x86)\Intel\Intel(R) Management Engine Components\IPT;C:\Users\GabrielMarrero\AppData\Local\Microsoft\WindowsApps;;C:\Users\GabrielMarrero\AppData\Local\Programs\Microsoft VS Code\bin;C:\Users\GabrielMarrero\AppData\Roaming\npm;C:\Users\GabrielMarrero\eclipse\java-2019-062\eclipse;
USERNAME=GabrielMarrero
OS=Windows_NT
PROCESSOR_IDENTIFIER=Intel64 Family 6 Model 58 Stepping 9, GenuineIntel



---------------  S Y S T E M  ---------------

OS: Windows 10.0 , 64 bit Build 18362 (10.0.18362.329)

CPU:total 8 (initial active 8) (4 cores per cpu, 2 threads per core) family 6 model 58 stepping 9, cmov, cx8, fxsr, mmx, sse, sse2, sse3, ssse3, sse4.1, sse4.2, popcnt, avx, aes, clmul, erms, ht, tsc, tscinvbit, tscinv

Memory: 4k page, physical 16714424k(9316956k free), swap 29025076k(5940k free)

vm_info: Java HotSpot(TM) 64-Bit Server VM (25.221-b11) for windows-amd64 JRE (1.8.0_221-b11), built on Jul  4 2019 04:39:29 by "java_re" with MS VC++ 10.0 (VS2010)

time: Wed Dec 11 19:33:21 2019
timezone: Est
elapsed time: 0 seconds (0d 0h 0m 0s)

