#
# There is insufficient memory for the Java Runtime Environment to continue.
# Native memory allocation (malloc) failed to allocate 99360 bytes for Chunk::new
# Possible reasons:
#   The system is out of physical RAM or swap space
#   The process is running with CompressedOops enabled, and the Java Heap may be blocking the growth of the native heap
# Possible solutions:
#   Reduce memory load on the system
#   Increase physical memory or swap space
#   Check if swap backing store is full
#   Decrease Java heap size (-Xmx/-Xms)
#   Decrease number of Java threads
#   Decrease Java thread stack sizes (-Xss)
#   Set larger code cache with -XX:ReservedCodeCacheSize=
#   JVM is running with Zero Based Compressed Oops mode in which the Java heap is
#     placed in the first 32GB address space. The Java Heap base address is the
#     maximum limit for the native heap growth. Please use -XX:HeapBaseMinAddress
#     to set the Java Heap base and to place the Java Heap above 32GB virtual address.
# This output file may be truncated or incomplete.
#
#  Out of Memory Error (allocation.cpp:389), pid=10884, tid=0x0000000000000634
#
# JRE version: Java(TM) SE Runtime Environment (8.0_221-b11) (build 1.8.0_221-b11)
# Java VM: Java HotSpot(TM) 64-Bit Server VM (25.221-b11 mixed mode windows-amd64 compressed oops)
# Failed to write core dump. Minidumps are not enabled by default on client versions of Windows
#

---------------  T H R E A D  ---------------

Current thread (0x000000001e2a8000):  JavaThread "C2 CompilerThread2" daemon [_thread_in_native, id=1588, stack(0x000000001ec90000,0x000000001ed90000)]

Stack: [0x000000001ec90000,0x000000001ed90000]
[error occurred during error reporting (printing stack bounds), id 0xc0000005]

Native frames: (J=compiled Java code, j=interpreted, Vv=VM code, C=native code)


Current CompileTask:
C2:   1062  635  s    4       sun.misc.URLClassPath::getNextLoader (88 bytes)


---------------  P R O C E S S  ---------------

Java Threads: ( => current thread )
  0x000000001f224800 JavaThread "Prism Font Disposer" daemon [_thread_blocked, id=9376, stack(0x0000000025a60000,0x0000000025b60000)]
  0x000000001f11b800 JavaThread "Thread-3" daemon [_thread_in_native, id=2336, stack(0x00000000246e0000,0x00000000247e0000)]
  0x000000001f11a000 JavaThread "JavaFX-Launcher" [_thread_blocked, id=8484, stack(0x00000000247e0000,0x00000000248e0000)]
  0x000000001f0f1000 JavaThread "JavaFX Application Thread" [_thread_in_vm, id=14204, stack(0x000000001fdc0000,0x000000001fec0000)]
  0x000000001f0da000 JavaThread "Thread-1" daemon [_thread_blocked, id=11704, stack(0x000000001fcc0000,0x000000001fdc0000)]
  0x000000001f0ae000 JavaThread "QuantumRenderer-0" daemon [_thread_blocked, id=956, stack(0x000000001fa40000,0x000000001fb40000)]
  0x000000001e331800 JavaThread "Service Thread" daemon [_thread_blocked, id=13984, stack(0x000000001ee90000,0x000000001ef90000)]
  0x000000001e2b2800 JavaThread "C1 CompilerThread3" daemon [_thread_blocked, id=15532, stack(0x000000001ed90000,0x000000001ee90000)]
=>0x000000001e2a8000 JavaThread "C2 CompilerThread2" daemon [_thread_in_native, id=1588, stack(0x000000001ec90000,0x000000001ed90000)]
  0x000000001e2a1800 JavaThread "C2 CompilerThread1" daemon [_thread_in_native, id=5844, stack(0x000000001eb90000,0x000000001ec90000)]
  0x000000001e29b000 JavaThread "C2 CompilerThread0" daemon [_thread_in_vm, id=13432, stack(0x000000001ea90000,0x000000001eb90000)]
  0x000000001e299000 JavaThread "Attach Listener" daemon [_thread_blocked, id=14392, stack(0x000000001e990000,0x000000001ea90000)]
  0x000000001e298800 JavaThread "Signal Dispatcher" daemon [_thread_blocked, id=15636, stack(0x000000001e890000,0x000000001e990000)]
  0x00000000028d9000 JavaThread "Finalizer" daemon [_thread_blocked, id=14632, stack(0x000000001e670000,0x000000001e770000)]
  0x00000000028d7800 JavaThread "Reference Handler" daemon [_thread_blocked, id=6676, stack(0x000000001e170000,0x000000001e270000)]
  0x00000000027be000 JavaThread "main" [_thread_blocked, id=11224, stack(0x0000000002600000,0x0000000002700000)]

Other Threads:
  0x000000001c37a000 VMThread [stack: 0x000000001e070000,0x000000001e170000] [id=10268]
  0x000000001e35b000 WatcherThread [stack: 0x000000001ef90000,0x000000001f090000] [id=5264]

VM state:not at safepoint (normal execution)

VM Mutex/Monitor currently owned by a thread: None

heap address: 0x00000006c0e00000, size: 4082 MB, Compressed Oops mode: Zero based, Oop shift amount: 3
Narrow klass base: 0x0000000000000000, Narrow klass shift: 3
Compressed class space size: 1073741824 Address: 0x00000007c0000000

Heap:
 PSYoungGen      total 76288K, used 32127K [0x000000076af80000, 0x0000000770480000, 0x00000007c0000000)
  eden space 65536K, 49% used [0x000000076af80000,0x000000076cedfe60,0x000000076ef80000)
  from space 10752K, 0% used [0x000000076fa00000,0x000000076fa00000,0x0000000770480000)
  to   space 10752K, 0% used [0x000000076ef80000,0x000000076ef80000,0x000000076fa00000)
 ParOldGen       total 175104K, used 0K [0x00000006c0e00000, 0x00000006cb900000, 0x000000076af80000)
  object space 175104K, 0% used [0x00000006c0e00000,0x00000006c0e00000,0x00000006cb900000)
 Metaspace       used 10588K, capacity 10972K, committed 11136K, reserved 1058816K
  class space    used 1477K, capacity 1578K, committed 1664K, reserved 1048576K

Card table byte_map: [0x0000000011ca0000,0x00000000124a0000] byte_map_base: 0x000000000e699000

Marking Bits: (ParMarkBitMap*) 0x00000000660b5ce0
 Begin Bits: [0x0000000013200000, 0x00000000171c8000)
 End Bits:   [0x00000000171c8000, 0x000000001b190000)

Polling page: 0x0000000000db0000

CodeCache: size=245760Kb used=2703Kb max_used=2715Kb free=243056Kb
 bounds [0x00000000028e0000, 0x0000000002b90000, 0x00000000118e0000]
 total_blobs=1156 nmethods=645 adapters=424
 compilation: enabled

Compilation events (10 events):
Event: 1.057 Thread 0x000000001e2b2800 nmethod 637 0x0000000002b81590 code [0x0000000002b81700, 0x0000000002b819b0]
Event: 1.057 Thread 0x000000001e2b2800  639       3       java.io.FilterInputStream::read (8 bytes)
Event: 1.057 Thread 0x000000001e2b2800 nmethod 639 0x0000000002b81b10 code [0x0000000002b81c80, 0x0000000002b81ea8]
Event: 1.057 Thread 0x000000001e2b2800  640       3       java.io.DataInputStream::readChar (40 bytes)
Event: 1.058 Thread 0x000000001e29b000  641  s    4       java.io.BufferedInputStream::read (49 bytes)
Event: 1.058 Thread 0x000000001e2b2800 nmethod 640 0x0000000002b81f50 code [0x0000000002b820e0, 0x0000000002b824e8]
Event: 1.059 Thread 0x000000001e2b2800  644       3       java.io.DataInputStream::readByte (23 bytes)
Event: 1.059 Thread 0x000000001e2b2800 nmethod 644 0x0000000002b82690 code [0x0000000002b82820, 0x0000000002b82b38]
Event: 1.060 Thread 0x000000001e29b000 nmethod 641 0x0000000002b85c90 code [0x0000000002b85de0, 0x0000000002b861e8]
Event: 1.060 Thread 0x000000001e29b000  642       4       java.io.FilterInputStream::read (8 bytes)

GC Heap History (0 events):
No events

Deoptimization events (5 events):
Event: 0.768 Thread 0x000000001f0f1000 Uncommon trap: reason=unstable_if action=reinterpret pc=0x0000000002a85b74 method=java.lang.String.replace(CC)Ljava/lang/String; @ 26
Event: 0.769 Thread 0x000000001f0f1000 Uncommon trap: reason=unstable_if action=reinterpret pc=0x0000000002acbfc4 method=java.lang.String.indexOf([CII[CIII)I @ 134
Event: 0.831 Thread 0x000000001f0f1000 Uncommon trap: reason=unstable_if action=reinterpret pc=0x0000000002b36cb4 method=sun.misc.MetaIndex.mayContain(Ljava/lang/String;)Z @ 13
Event: 0.907 Thread 0x000000001f0f1000 Uncommon trap: reason=unstable_if action=reinterpret pc=0x0000000002b60ec8 method=com.sun.javafx.image.impl.ByteBgra$ToByteBgraPreConv.doConvert([BII[BIIII)V @ 31
Event: 0.959 Thread 0x000000001f0f1000 Uncommon trap: reason=unstable_if action=reinterpret pc=0x0000000002b5e07c method=com.sun.javafx.image.impl.BaseByteToByteConverter$FourByteReorderer.doConvert([BII[BIIII)V @ 31

Classes redefined (0 events):
No events

Internal exceptions (10 events):
Event: 0.030 Thread 0x00000000027be000 Exception <a 'java/lang/NoSuchMethodError': Method sun.misc.Unsafe.prefetchRead(Ljava/lang/Object;J)V name or signature does not match> (0x000000076af87fa0) thrown at [C:\re\workspace\8-2-build-windows-amd64-cygwin\jdk8u221\13320\hotspot\src\share\vm\prim
Event: 0.147 Thread 0x00000000027be000 Exception <a 'java/lang/NoSuchFieldError': method resolution failed> (0x000000076b23b2f0) thrown at [C:\re\workspace\8-2-build-windows-amd64-cygwin\jdk8u221\13320\hotspot\src\share\vm\prims\methodHandles.cpp, line 1167]
Event: 0.149 Thread 0x00000000027be000 Exception <a 'java/lang/NoSuchFieldError': method resolution failed> (0x000000076b248670) thrown at [C:\re\workspace\8-2-build-windows-amd64-cygwin\jdk8u221\13320\hotspot\src\share\vm\prims\methodHandles.cpp, line 1167]
Event: 0.171 Thread 0x00000000027be000 Exception <a 'java/security/PrivilegedActionException'> (0x000000076b2d2b60) thrown at [C:\re\workspace\8-2-build-windows-amd64-cygwin\jdk8u221\13320\hotspot\src\share\vm\prims\jvm.cpp, line 1502]
Event: 0.171 Thread 0x00000000027be000 Exception <a 'java/security/PrivilegedActionException'> (0x000000076b2d2d70) thrown at [C:\re\workspace\8-2-build-windows-amd64-cygwin\jdk8u221\13320\hotspot\src\share\vm\prims\jvm.cpp, line 1502]
Event: 0.171 Thread 0x00000000027be000 Exception <a 'java/security/PrivilegedActionException'> (0x000000076b2d69e0) thrown at [C:\re\workspace\8-2-build-windows-amd64-cygwin\jdk8u221\13320\hotspot\src\share\vm\prims\jvm.cpp, line 1502]
Event: 0.171 Thread 0x00000000027be000 Exception <a 'java/security/PrivilegedActionException'> (0x000000076b2d6bf0) thrown at [C:\re\workspace\8-2-build-windows-amd64-cygwin\jdk8u221\13320\hotspot\src\share\vm\prims\jvm.cpp, line 1502]
Event: 0.171 Thread 0x00000000027be000 Exception <a 'java/lang/NullPointerException'> (0x000000076b2d71c8) thrown at [C:\re\workspace\8-2-build-windows-amd64-cygwin\jdk8u221\13320\hotspot\src\share\vm\interpreter\linkResolver.cpp, line 1185]
Event: 0.732 Thread 0x000000001f0f1000 Exception <a 'java/lang/NullPointerException'> (0x000000076bdc71e0) thrown at [C:\re\workspace\8-2-build-windows-amd64-cygwin\jdk8u221\13320\hotspot\src\share\vm\interpreter\linkResolver.cpp, line 1185]
Event: 0.732 Thread 0x000000001f0f1000 Exception <a 'java/lang/NullPointerException'> (0x000000076bdc71e0) thrown at [C:\re\workspace\8-2-build-windows-amd64-cygwin\jdk8u221\13320\hotspot\src\share\vm\prims\jvm.cpp, line 1506]

Events (10 events):
Event: 1.057 loading class sun/text/normalizer/Trie$DataManipulate done
Event: 1.057 loading class sun/text/normalizer/Trie$DefaultGetFoldingOffset done
Event: 1.059 loading class sun/text/normalizer/CharTrie$FriendAgent
Event: 1.059 loading class sun/text/normalizer/CharTrie$FriendAgent done
Event: 1.059 loading class sun/text/normalizer/UTF16
Event: 1.059 loading class sun/text/normalizer/UTF16 done
Event: 1.059 loading class sun/text/bidi/BidiLine
Event: 1.059 loading class sun/text/bidi/BidiLine done
Event: 1.059 loading class com/sun/javafx/text/ScriptMapper
Event: 1.059 loading class com/sun/javafx/text/ScriptMapper done


Dynamic libraries:
0x00007ff66fd30000 - 0x00007ff66fd67000 	C:\Program Files\Java\jre1.8.0_221\bin\javaw.exe
0x00007ff8f9b20000 - 0x00007ff8f9d10000 	C:\Windows\SYSTEM32\ntdll.dll
0x00007ff8f7bd0000 - 0x00007ff8f7c82000 	C:\Windows\System32\KERNEL32.DLL
0x00007ff8f7560000 - 0x00007ff8f7803000 	C:\Windows\System32\KERNELBASE.dll
0x00007ff8f7fe0000 - 0x00007ff8f8083000 	C:\Windows\System32\ADVAPI32.dll
0x00007ff8f9220000 - 0x00007ff8f92be000 	C:\Windows\System32\msvcrt.dll
0x00007ff8f9470000 - 0x00007ff8f9507000 	C:\Windows\System32\sechost.dll
0x00007ff8f98a0000 - 0x00007ff8f99c0000 	C:\Windows\System32\RPCRT4.dll
0x00007ff8f95c0000 - 0x00007ff8f9754000 	C:\Windows\System32\USER32.dll
0x00007ff8f6ab0000 - 0x00007ff8f6ad1000 	C:\Windows\System32\win32u.dll
0x00007ff8f9590000 - 0x00007ff8f95b6000 	C:\Windows\System32\GDI32.dll
0x00007ff8f7810000 - 0x00007ff8f79a4000 	C:\Windows\System32\gdi32full.dll
0x00007ff8f7340000 - 0x00007ff8f73de000 	C:\Windows\System32\msvcp_win.dll
0x00007ff8f79b0000 - 0x00007ff8f7aaa000 	C:\Windows\System32\ucrtbase.dll
0x00007ff8f5ea0000 - 0x00007ff8f6125000 	C:\Windows\WinSxS\amd64_microsoft.windows.common-controls_6595b64144ccf1df_6.0.18362.476_none_e6c4b11b130f2595\COMCTL32.dll
0x00007ff8f7ca0000 - 0x00007ff8f7fd6000 	C:\Windows\System32\combase.dll
0x00007ff8f6ae0000 - 0x00007ff8f6b60000 	C:\Windows\System32\bcryptPrimitives.dll
0x00007ff8f8a30000 - 0x00007ff8f8a5e000 	C:\Windows\System32\IMM32.DLL
0x00000000656d0000 - 0x00000000657a2000 	C:\Program Files\Java\jre1.8.0_221\bin\msvcr100.dll
0x0000000065890000 - 0x0000000066135000 	C:\Program Files\Java\jre1.8.0_221\bin\server\jvm.dll
0x00007ff8f7c90000 - 0x00007ff8f7c98000 	C:\Windows\System32\PSAPI.DLL
0x00007ff8f4930000 - 0x00007ff8f4939000 	C:\Windows\SYSTEM32\WSOCK32.dll
0x00007ff8f26d0000 - 0x00007ff8f26f4000 	C:\Windows\SYSTEM32\WINMM.dll
0x00007ff8ed610000 - 0x00007ff8ed61a000 	C:\Windows\SYSTEM32\VERSION.dll
0x00007ff8f8be0000 - 0x00007ff8f8c4f000 	C:\Windows\System32\WS2_32.dll
0x00007ff8f26a0000 - 0x00007ff8f26cd000 	C:\Windows\SYSTEM32\winmmbase.dll
0x00007ff8f7ab0000 - 0x00007ff8f7afa000 	C:\Windows\System32\cfgmgr32.dll
0x00007ff8f4890000 - 0x00007ff8f489f000 	C:\Program Files\Java\jre1.8.0_221\bin\verify.dll
0x00007ff8defa0000 - 0x00007ff8defc9000 	C:\Program Files\Java\jre1.8.0_221\bin\java.dll
0x00007ff8e6a50000 - 0x00007ff8e6a66000 	C:\Program Files\Java\jre1.8.0_221\bin\zip.dll
0x00007ff8f8280000 - 0x00007ff8f8965000 	C:\Windows\System32\SHELL32.dll
0x00007ff8f8980000 - 0x00007ff8f8a29000 	C:\Windows\System32\shcore.dll
0x00007ff8f6bc0000 - 0x00007ff8f733e000 	C:\Windows\System32\windows.storage.dll
0x00007ff8f6a70000 - 0x00007ff8f6a8f000 	C:\Windows\System32\profapi.dll
0x00007ff8f6a20000 - 0x00007ff8f6a6a000 	C:\Windows\System32\powrprof.dll
0x00007ff8f69f0000 - 0x00007ff8f6a00000 	C:\Windows\System32\UMPDC.dll
0x00007ff8f8220000 - 0x00007ff8f8272000 	C:\Windows\System32\shlwapi.dll
0x00007ff8f6a00000 - 0x00007ff8f6a11000 	C:\Windows\System32\kernel.appcore.dll
0x00007ff8f7b00000 - 0x00007ff8f7b17000 	C:\Windows\System32\cryptsp.dll
0x0000000000e40000 - 0x0000000000e43000 	C:\Program Files\Java\jre1.8.0_221\bin\api-ms-win-core-console-l1-1-0.dll
0x0000000002700000 - 0x0000000002703000 	C:\Program Files\Java\jre1.8.0_221\bin\api-ms-win-core-datetime-l1-1-0.dll
0x0000000002710000 - 0x0000000002713000 	C:\Program Files\Java\jre1.8.0_221\bin\api-ms-win-core-debug-l1-1-0.dll
0x0000000002720000 - 0x0000000002723000 	C:\Program Files\Java\jre1.8.0_221\bin\api-ms-win-core-errorhandling-l1-1-0.dll
0x0000000002730000 - 0x0000000002734000 	C:\Program Files\Java\jre1.8.0_221\bin\api-ms-win-core-file-l1-1-0.dll
0x0000000002740000 - 0x0000000002743000 	C:\Program Files\Java\jre1.8.0_221\bin\api-ms-win-core-file-l1-2-0.dll
0x0000000002750000 - 0x0000000002753000 	C:\Program Files\Java\jre1.8.0_221\bin\api-ms-win-core-file-l2-1-0.dll
0x0000000002760000 - 0x0000000002763000 	C:\Program Files\Java\jre1.8.0_221\bin\api-ms-win-core-handle-l1-1-0.dll
0x0000000002770000 - 0x0000000002773000 	C:\Program Files\Java\jre1.8.0_221\bin\api-ms-win-core-heap-l1-1-0.dll
0x0000000002780000 - 0x0000000002783000 	C:\Program Files\Java\jre1.8.0_221\bin\api-ms-win-core-interlocked-l1-1-0.dll
0x0000000002790000 - 0x0000000002793000 	C:\Program Files\Java\jre1.8.0_221\bin\api-ms-win-core-libraryloader-l1-1-0.dll
0x00000000027a0000 - 0x00000000027a3000 	C:\Program Files\Java\jre1.8.0_221\bin\api-ms-win-core-localization-l1-2-0.dll
0x00000000027c0000 - 0x00000000027c3000 	C:\Program Files\Java\jre1.8.0_221\bin\api-ms-win-core-memory-l1-1-0.dll
0x000000001f890000 - 0x000000001f893000 	C:\Program Files\Java\jre1.8.0_221\bin\api-ms-win-core-namedpipe-l1-1-0.dll
0x000000001f8a0000 - 0x000000001f8a3000 	C:\Program Files\Java\jre1.8.0_221\bin\api-ms-win-core-processenvironment-l1-1-0.dll
0x000000001f8b0000 - 0x000000001f8b3000 	C:\Program Files\Java\jre1.8.0_221\bin\api-ms-win-core-processthreads-l1-1-0.dll
0x000000001f8c0000 - 0x000000001f8c3000 	C:\Program Files\Java\jre1.8.0_221\bin\api-ms-win-core-processthreads-l1-1-1.dll
0x000000001f8d0000 - 0x000000001f8d3000 	C:\Program Files\Java\jre1.8.0_221\bin\api-ms-win-core-profile-l1-1-0.dll
0x000000001f8e0000 - 0x000000001f8e3000 	C:\Program Files\Java\jre1.8.0_221\bin\api-ms-win-core-rtlsupport-l1-1-0.dll
0x000000001f8f0000 - 0x000000001f8f3000 	C:\Program Files\Java\jre1.8.0_221\bin\api-ms-win-core-string-l1-1-0.dll
0x000000001f900000 - 0x000000001f903000 	C:\Program Files\Java\jre1.8.0_221\bin\api-ms-win-core-synch-l1-1-0.dll
0x000000001f910000 - 0x000000001f913000 	C:\Program Files\Java\jre1.8.0_221\bin\api-ms-win-core-synch-l1-2-0.dll
0x000000001f920000 - 0x000000001f923000 	C:\Program Files\Java\jre1.8.0_221\bin\api-ms-win-core-sysinfo-l1-1-0.dll
0x000000001f930000 - 0x000000001f933000 	C:\Program Files\Java\jre1.8.0_221\bin\api-ms-win-core-timezone-l1-1-0.dll
0x000000001f940000 - 0x000000001f943000 	C:\Program Files\Java\jre1.8.0_221\bin\api-ms-win-core-util-l1-1-0.dll
0x000000001f950000 - 0x000000001f953000 	C:\Program Files\Java\jre1.8.0_221\bin\api-ms-win-crt-conio-l1-1-0.dll
0x000000001f960000 - 0x000000001f964000 	C:\Program Files\Java\jre1.8.0_221\bin\api-ms-win-crt-convert-l1-1-0.dll
0x000000001f970000 - 0x000000001f973000 	C:\Program Files\Java\jre1.8.0_221\bin\api-ms-win-crt-environment-l1-1-0.dll
0x000000001f980000 - 0x000000001f983000 	C:\Program Files\Java\jre1.8.0_221\bin\api-ms-win-crt-filesystem-l1-1-0.dll
0x000000001f990000 - 0x000000001f993000 	C:\Program Files\Java\jre1.8.0_221\bin\api-ms-win-crt-heap-l1-1-0.dll
0x000000001f9a0000 - 0x000000001f9a3000 	C:\Program Files\Java\jre1.8.0_221\bin\api-ms-win-crt-locale-l1-1-0.dll
0x000000001f9b0000 - 0x000000001f9b5000 	C:\Program Files\Java\jre1.8.0_221\bin\api-ms-win-crt-math-l1-1-0.dll
0x000000001f9c0000 - 0x000000001f9c5000 	C:\Program Files\Java\jre1.8.0_221\bin\api-ms-win-crt-multibyte-l1-1-0.dll
0x000000001f9d0000 - 0x000000001f9e0000 	C:\Program Files\Java\jre1.8.0_221\bin\api-ms-win-crt-private-l1-1-0.dll
0x000000001f9e0000 - 0x000000001f9e3000 	C:\Program Files\Java\jre1.8.0_221\bin\api-ms-win-crt-process-l1-1-0.dll
0x000000001f9f0000 - 0x000000001f9f4000 	C:\Program Files\Java\jre1.8.0_221\bin\api-ms-win-crt-runtime-l1-1-0.dll
0x000000001fa00000 - 0x000000001fa04000 	C:\Program Files\Java\jre1.8.0_221\bin\api-ms-win-crt-stdio-l1-1-0.dll
0x000000001fa10000 - 0x000000001fa14000 	C:\Program Files\Java\jre1.8.0_221\bin\api-ms-win-crt-string-l1-1-0.dll
0x000000001fa20000 - 0x000000001fa23000 	C:\Program Files\Java\jre1.8.0_221\bin\api-ms-win-crt-time-l1-1-0.dll
0x000000001fa30000 - 0x000000001fa33000 	C:\Program Files\Java\jre1.8.0_221\bin\api-ms-win-crt-utility-l1-1-0.dll
0x00007ff8d1dd0000 - 0x00007ff8d1ec6000 	C:\Program Files\Java\jre1.8.0_221\bin\ucrtbase.dll
0x00007ff8d2880000 - 0x00007ff8d2896000 	C:\Program Files\Java\jre1.8.0_221\bin\vcruntime140.dll
0x00007ff8d17e0000 - 0x00007ff8d188a000 	C:\Program Files\Java\jre1.8.0_221\bin\msvcp140.dll
0x00007ff8d2820000 - 0x00007ff8d2874000 	C:\Program Files\Java\jre1.8.0_221\bin\concrt140.dll
0x00007ff8d17b0000 - 0x00007ff8d17d3000 	C:\Program Files\Java\jre1.8.0_221\bin\prism_d3d.dll
0x00007ff8d15e0000 - 0x00007ff8d17a7000 	C:\Windows\system32\d3d9.dll
0x00007ff8f42b0000 - 0x00007ff8f42dd000 	C:\Windows\SYSTEM32\dwmapi.dll
0x00007ff8f4ff0000 - 0x00007ff8f5010000 	C:\Windows\SYSTEM32\dxcore.dll
0x00007ff8f3e90000 - 0x00007ff8f3f29000 	C:\Windows\system32\uxtheme.dll
0x00007ff8c3970000 - 0x00007ff8c48a7000 	C:\Windows\SYSTEM32\nvd3dumx.dll
0x00007ff8d1590000 - 0x00007ff8d15d9000 	C:\Program Files\Java\jre1.8.0_221\bin\glass.dll
0x00007ff8f80f0000 - 0x00007ff8f81c0000 	C:\Windows\System32\ADVAPI32.dll
0x00007ff8f8c50000 - 0x00007ff8f8da6000 	C:\Windows\System32\msvcp_win.dll
0x00007ff8f8b10000 - 0x00007ff8f8bd4000 	C:\Windows\System32\IMM32.DLL
0x00007ff8f9760000 - 0x00007ff8f9896000 	C:\Windows\SYSTEM32\WSOCK32.dll
0x00007ff8eb8c0000 - 0x00007ff8eba20000 	C:\Windows\SYSTEM32\winmmbase.dll
0x00007ff8f8db0000 - 0x00007ff8f9220000 	C:\Program Files\Java\jre1.8.0_221\bin\java.dll
0x00007ff8f7530000 - 0x00007ff8f7556000 	C:\Windows\System32\ADVAPI32.dll
0x00007ff8ed000000 - 0x00007ff8ed355000 	C:\Windows\System32\combase.dll
0x00007ff8f67b0000 - 0x00007ff8f67da000 	C:\Windows\System32\PSAPI.DLL
0x00007ff8f6b60000 - 0x00007ff8f6bbc000 	C:\Windows\System32\WS2_32.dll
0x00007ff8f6a90000 - 0x00007ff8f6aa2000 	C:\Program Files\Java\jre1.8.0_221\bin\java.dll
0x00007ff8f73e0000 - 0x00007ff8f7529000 	C:\Windows\System32\ADVAPI32.dll
0x00007ff8f5080000 - 0x00007ff8f516b000 	C:\Windows\System32\msvcp_win.dll
0x00007ff8d2790000 - 0x00007ff8d27a4000 	C:\Program Files\Java\jre1.8.0_221\bin\msvcr100.dll
0x00007ff8e8e50000 - 0x00007ff8e914e000 	C:\Windows\SYSTEM32\VERSION.dll
0x00007ff8f8a60000 - 0x00007ff8f8b02000 	C:\Program Files\Java\jre1.8.0_221\bin\verify.dll
0x00007ff8ef8f0000 - 0x00007ff8efa9f000 	C:\Program Files\Java\jre1.8.0_221\bin\javaw.exe
0x00007ff8db3a0000 - 0x00007ff8db3da000 	C:\Windows\System32\gdi32full.dll
0x00007ff8f2da0000 - 0x00007ff8f2ffb000 	C:\Windows\System32\IMM32.DLL
0x00007ff8f3460000 - 0x00007ff8f363b000 	C:\Windows\SYSTEM32\WINMM.dll
0x00007ff8f3f60000 - 0x00007ff8f41ba000 	C:\Windows\System32\cfgmgr32.dll
0x00007ff8f42e0000 - 0x00007ff8f4309000 	C:\Windows\system32\RMCLIENT.dll
0x00007ff8eaf20000 - 0x00007ff8eaf53000 	C:\Program Files\Common Files\Microsoft Shared\Ink\rtscom.dll

VM Arguments:
jvm_args: -Dfile.encoding=Cp1252 
java_command: controleurEtVue.InterfaceGraphiqueMenu
java_class_path (initial): C:\Users\GabrielMarrero\Documents\Projet3Objet2-RushHour\Projet3\bin;C:\Users\GabrielMarrero\.p2\pool\plugins\org.eclipse.fx.ide.css.jfx8_1.2.0.201501301049.jar
Launcher Type: SUN_STANDARD

Environment Variables:
PATH=C:/Program Files/Java/jre1.8.0_221/bin/server;C:/Program Files/Java/jre1.8.0_221/bin;C:/Program Files/Java/jre1.8.0_221/lib/amd64;C:\Program Files (x86)\Intel\iCLS Client\;C:\Program Files\Intel\iCLS Client\;C:\Program Files (x86)\Common Files\Oracle\Java\javapath;C:\Windows\system32;C:\Windows;C:\Windows\System32\Wbem;C:\Windows\System32\WindowsPowerShell\v1.0\;C:\Windows\System32\OpenSSH\;C:\Program Files\dotnet\;C:\Program Files\Microsoft SQL Server\130\Tools\Binn\;C:\Program Files (x86)\Microsoft SQL Server\150\DTS\Binn\;C:\Program Files\Git\cmd;C:\Program Files\nodejs\;C:\Program Files\Intel\Intel(R) Management Engine Components\DAL;C:\Program Files (x86)\Intel\Intel(R) Management Engine Components\DAL;C:\Program Files\Intel\Intel(R) Management Engine Components\IPT;C:\Program Files (x86)\Intel\Intel(R) Management Engine Components\IPT;C:\Users\GabrielMarrero\AppData\Local\Microsoft\WindowsApps;;C:\Users\GabrielMarrero\AppData\Local\Programs\Microsoft VS Code\bin;C:\Users\GabrielMarrero\AppData\Roaming\npm;C:\Users\GabrielMarrero\eclipse\java-2019-062\eclipse;
USERNAME=GabrielMarrero
OS=Windows_NT
PROCESSOR_IDENTIFIER=Intel64 Family 6 Model 58 Stepping 9, GenuineIntel



---------------  S Y S T E M  ---------------

OS: Windows 10.0 , 64 bit Build 18362 (10.0.18362.329)

CPU:total 8 (initial active 8) (4 cores per cpu, 2 threads per core) family 6 model 58 stepping 9, cmov, cx8, fxsr, mmx, sse, sse2, sse3, ssse3, sse4.1, sse4.2, popcnt, avx, aes, clmul, erms, ht, tsc, tscinvbit, tscinv

Memory: 4k page, physical 16714424k(8058676k free), swap 29025076k(4096k free)

vm_info: Java HotSpot(TM) 64-Bit Server VM (25.221-b11) for windows-amd64 JRE (1.8.0_221-b11), built on Jul  4 2019 04:39:29 by "java_re" with MS VC++ 10.0 (VS2010)

time: Wed Dec 11 15:33:26 2019
timezone: Est
elapsed time: 1 seconds (0d 0h 0m 1s)

