#
# There is insufficient memory for the Java Runtime Environment to continue.
# Native memory allocation (malloc) failed to allocate 165328 bytes for Chunk::new
# Possible reasons:
#   The system is out of physical RAM or swap space
#   The process is running with CompressedOops enabled, and the Java Heap may be blocking the growth of the native heap
# Possible solutions:
#   Reduce memory load on the system
#   Increase physical memory or swap space
#   Check if swap backing store is full
#   Decrease Java heap size (-Xmx/-Xms)
#   Decrease number of Java threads
#   Decrease Java thread stack sizes (-Xss)
#   Set larger code cache with -XX:ReservedCodeCacheSize=
#   JVM is running with Zero Based Compressed Oops mode in which the Java heap is
#     placed in the first 32GB address space. The Java Heap base address is the
#     maximum limit for the native heap growth. Please use -XX:HeapBaseMinAddress
#     to set the Java Heap base and to place the Java Heap above 32GB virtual address.
# This output file may be truncated or incomplete.
#
#  Out of Memory Error (allocation.cpp:389), pid=15784, tid=0x00000000000001a4
#
# JRE version: Java(TM) SE Runtime Environment (8.0_221-b11) (build 1.8.0_221-b11)
# Java VM: Java HotSpot(TM) 64-Bit Server VM (25.221-b11 mixed mode windows-amd64 compressed oops)
# Failed to write core dump. Minidumps are not enabled by default on client versions of Windows
#

---------------  T H R E A D  ---------------

Current thread (0x000000001e31a800):  JavaThread "C2 CompilerThread1" daemon [_thread_in_native, id=420, stack(0x000000001ec00000,0x000000001ed00000)]

Stack: [0x000000001ec00000,0x000000001ed00000]
[error occurred during error reporting (printing stack bounds), id 0xc0000005]

Native frames: (J=compiled Java code, j=interpreted, Vv=VM code, C=native code)


Current CompileTask:
C2:   2017  983  s    4       java.io.BufferedInputStream::read (113 bytes)


---------------  P R O C E S S  ---------------

Java Threads: ( => current thread )
  0x000000001f358800 JavaThread "Thread-4" [_thread_blocked, id=14800, stack(0x0000000029ed0000,0x0000000029fd0000)]
  0x000000001f2af800 JavaThread "Prism Font Disposer" daemon [_thread_blocked, id=13620, stack(0x0000000027a30000,0x0000000027b30000)]
  0x000000001f217000 JavaThread "Thread-3" daemon [_thread_in_native, id=13800, stack(0x00000000266b0000,0x00000000267b0000)]
  0x000000001f1cc000 JavaThread "JavaFX-Launcher" [_thread_blocked, id=15996, stack(0x00000000267b0000,0x00000000268b0000)]
  0x000000001f188800 JavaThread "JavaFX Application Thread" [_thread_in_Java, id=16004, stack(0x000000001fed0000,0x000000001ffd0000)]
  0x000000001f19a000 JavaThread "Thread-1" daemon [_thread_blocked, id=340, stack(0x000000001fdd0000,0x000000001fed0000)]
  0x000000001f16b000 JavaThread "QuantumRenderer-0" daemon [_thread_blocked, id=7972, stack(0x000000001fb50000,0x000000001fc50000)]
  0x000000001e3ac000 JavaThread "Service Thread" daemon [_thread_blocked, id=12576, stack(0x000000001ef00000,0x000000001f000000)]
  0x000000001e321000 JavaThread "C1 CompilerThread3" daemon [_thread_blocked, id=8200, stack(0x000000001ee00000,0x000000001ef00000)]
  0x000000001e31e800 JavaThread "C2 CompilerThread2" daemon [_thread_in_native, id=9096, stack(0x000000001ed00000,0x000000001ee00000)]
=>0x000000001e31a800 JavaThread "C2 CompilerThread1" daemon [_thread_in_native, id=420, stack(0x000000001ec00000,0x000000001ed00000)]
  0x000000001e30d800 JavaThread "C2 CompilerThread0" daemon [_thread_in_native, id=15508, stack(0x000000001eb00000,0x000000001ec00000)]
  0x000000001e30c000 JavaThread "Attach Listener" daemon [_thread_blocked, id=10372, stack(0x000000001ea00000,0x000000001eb00000)]
  0x000000001e309000 JavaThread "Signal Dispatcher" daemon [_thread_blocked, id=15212, stack(0x000000001e900000,0x000000001ea00000)]
  0x0000000002969000 JavaThread "Finalizer" daemon [_thread_blocked, id=6480, stack(0x000000001e6e0000,0x000000001e7e0000)]
  0x0000000002967800 JavaThread "Reference Handler" daemon [_thread_blocked, id=12324, stack(0x000000001e1e0000,0x000000001e2e0000)]
  0x000000000273e000 JavaThread "main" [_thread_blocked, id=12588, stack(0x0000000002770000,0x0000000002870000)]

Other Threads:
  0x000000001c40a000 VMThread [stack: 0x000000001e0e0000,0x000000001e1e0000] [id=15084]
  0x000000001e3cd800 WatcherThread [stack: 0x000000001f000000,0x000000001f100000] [id=7964]

VM state:not at safepoint (normal execution)

VM Mutex/Monitor currently owned by a thread: None

heap address: 0x00000006c0e00000, size: 4082 MB, Compressed Oops mode: Zero based, Oop shift amount: 3
Narrow klass base: 0x0000000000000000, Narrow klass shift: 3
Compressed class space size: 1073741824 Address: 0x00000007c0000000

Heap:
 PSYoungGen      total 76288K, used 50234K [0x000000076af80000, 0x0000000770480000, 0x00000007c0000000)
  eden space 65536K, 76% used [0x000000076af80000,0x000000076e08eb58,0x000000076ef80000)
  from space 10752K, 0% used [0x000000076fa00000,0x000000076fa00000,0x0000000770480000)
  to   space 10752K, 0% used [0x000000076ef80000,0x000000076ef80000,0x000000076fa00000)
 ParOldGen       total 175104K, used 0K [0x00000006c0e00000, 0x00000006cb900000, 0x000000076af80000)
  object space 175104K, 0% used [0x00000006c0e00000,0x00000006c0e00000,0x00000006cb900000)
 Metaspace       used 13292K, capacity 13842K, committed 14208K, reserved 1060864K
  class space    used 1888K, capacity 2049K, committed 2176K, reserved 1048576K

Card table byte_map: [0x0000000011d30000,0x0000000012530000] byte_map_base: 0x000000000e729000

Marking Bits: (ParMarkBitMap*) 0x00000000660b5ce0
 Begin Bits: [0x0000000013290000, 0x0000000017258000)
 End Bits:   [0x0000000017258000, 0x000000001b220000)

Polling page: 0x0000000001030000

CodeCache: size=245760Kb used=3689Kb max_used=3689Kb free=242070Kb
 bounds [0x0000000002970000, 0x0000000002d10000, 0x0000000011970000]
 total_blobs=1634 nmethods=999 adapters=548
 compilation: enabled

Compilation events (10 events):
Event: 2.014 Thread 0x000000001e321000  997       3       java.util.regex.Pattern$5::isSatisfiedBy (28 bytes)
Event: 2.014 Thread 0x000000001e321000 nmethod 997 0x0000000002d042d0 code [0x0000000002d04460, 0x0000000002d047f8]
Event: 2.015 Thread 0x000000001e321000  998       3       com.sun.javafx.iio.gif.GIFImageLoader2::access$000 (5 bytes)
Event: 2.015 Thread 0x000000001e321000 nmethod 998 0x0000000002d03b50 code [0x0000000002d03ce0, 0x0000000002d04038]
Event: 2.015 Thread 0x000000001e321000  999       3       com.sun.javafx.iio.gif.GIFImageLoader2::access$200 (8 bytes)
Event: 2.015 Thread 0x000000001e321000 nmethod 999 0x0000000002d074d0 code [0x0000000002d07640, 0x0000000002d077a8]
Event: 2.015 Thread 0x000000001e321000 1000       3       com.sun.javafx.iio.gif.GIFImageLoader2$LZWDecoder::readData (52 bytes)
Event: 2.016 Thread 0x000000001e31e800 nmethod 988% 0x0000000002d06090 code [0x0000000002d06200, 0x0000000002d06498]
Event: 2.016 Thread 0x000000001e31e800  992 %     4       com.sun.javafx.iio.gif.GIFImageLoader2::restoreToBackground @ 28 (58 bytes)
Event: 2.016 Thread 0x000000001e321000 nmethod 1000 0x0000000002d05550 code [0x0000000002d05720, 0x0000000002d05cb8]

GC Heap History (0 events):
No events

Deoptimization events (10 events):
Event: 0.779 Thread 0x000000001f16b000 Uncommon trap: reason=class_check action=maybe_recompile pc=0x0000000002c38e5c method=java.util.HashMap.getNode(ILjava/lang/Object;)Ljava/util/HashMap$Node; @ 126
Event: 0.779 Thread 0x000000001f16b000 Uncommon trap: reason=class_check action=maybe_recompile pc=0x0000000002c38e5c method=java.util.HashMap.getNode(ILjava/lang/Object;)Ljava/util/HashMap$Node; @ 126
Event: 0.780 Thread 0x000000001f16b000 Uncommon trap: reason=class_check action=maybe_recompile pc=0x0000000002c38e5c method=java.util.HashMap.getNode(ILjava/lang/Object;)Ljava/util/HashMap$Node; @ 126
Event: 0.781 Thread 0x000000001f16b000 Uncommon trap: reason=class_check action=maybe_recompile pc=0x0000000002c09a2c method=java.util.HashMap.getNode(ILjava/lang/Object;)Ljava/util/HashMap$Node; @ 126
Event: 1.775 Thread 0x000000001f188800 Uncommon trap: reason=unstable_if action=reinterpret pc=0x0000000002c35328 method=jdk.internal.org.objectweb.asm.Type.getArgumentsAndReturnSizes(Ljava/lang/String;)I @ 47
Event: 1.926 Thread 0x000000001f188800 Uncommon trap: reason=unstable_if action=reinterpret pc=0x0000000002c49bf4 method=java.util.HashMap.getNode(ILjava/lang/Object;)Ljava/util/HashMap$Node; @ 84
Event: 1.926 Thread 0x000000001f188800 Uncommon trap: reason=unstable_if action=reinterpret pc=0x0000000002c43f64 method=java.util.HashMap.getNode(ILjava/lang/Object;)Ljava/util/HashMap$Node; @ 84
Event: 1.937 Thread 0x000000001f188800 Uncommon trap: reason=unstable_if action=reinterpret pc=0x0000000002bd7224 method=com.sun.javafx.iio.gif.GIFImageLoader2$LZWDecoder.readString()I @ 20
Event: 1.959 Thread 0x000000001f188800 Uncommon trap: reason=unstable_if action=reinterpret pc=0x0000000002cda6e4 method=com.sun.javafx.iio.common.RoughScaler.putSourceScanline([BI)Z @ 33
Event: 2.000 Thread 0x000000001f188800 Uncommon trap: reason=unstable_if action=reinterpret pc=0x0000000002cdee14 method=com.sun.javafx.iio.gif.GIFImageLoader2.decodePalette([B[[BIIIIII)Ljava/nio/ByteBuffer; @ 176

Classes redefined (0 events):
No events

Internal exceptions (10 events):
Event: 0.032 Thread 0x000000000273e000 Exception <a 'java/lang/NoSuchMethodError': Method sun.misc.Unsafe.prefetchRead(Ljava/lang/Object;J)V name or signature does not match> (0x000000076af87fa0) thrown at [C:\re\workspace\8-2-build-windows-amd64-cygwin\jdk8u221\13320\hotspot\src\share\vm\prim
Event: 0.135 Thread 0x000000000273e000 Exception <a 'java/lang/NoSuchFieldError': method resolution failed> (0x000000076b23b2f0) thrown at [C:\re\workspace\8-2-build-windows-amd64-cygwin\jdk8u221\13320\hotspot\src\share\vm\prims\methodHandles.cpp, line 1167]
Event: 0.136 Thread 0x000000000273e000 Exception <a 'java/lang/NoSuchFieldError': method resolution failed> (0x000000076b248670) thrown at [C:\re\workspace\8-2-build-windows-amd64-cygwin\jdk8u221\13320\hotspot\src\share\vm\prims\methodHandles.cpp, line 1167]
Event: 0.154 Thread 0x000000000273e000 Exception <a 'java/security/PrivilegedActionException'> (0x000000076b2d2e38) thrown at [C:\re\workspace\8-2-build-windows-amd64-cygwin\jdk8u221\13320\hotspot\src\share\vm\prims\jvm.cpp, line 1502]
Event: 0.154 Thread 0x000000000273e000 Exception <a 'java/security/PrivilegedActionException'> (0x000000076b2d3048) thrown at [C:\re\workspace\8-2-build-windows-amd64-cygwin\jdk8u221\13320\hotspot\src\share\vm\prims\jvm.cpp, line 1502]
Event: 0.155 Thread 0x000000000273e000 Exception <a 'java/security/PrivilegedActionException'> (0x000000076b2d6cb8) thrown at [C:\re\workspace\8-2-build-windows-amd64-cygwin\jdk8u221\13320\hotspot\src\share\vm\prims\jvm.cpp, line 1502]
Event: 0.155 Thread 0x000000000273e000 Exception <a 'java/security/PrivilegedActionException'> (0x000000076b2d6ec8) thrown at [C:\re\workspace\8-2-build-windows-amd64-cygwin\jdk8u221\13320\hotspot\src\share\vm\prims\jvm.cpp, line 1502]
Event: 0.155 Thread 0x000000000273e000 Exception <a 'java/lang/NullPointerException'> (0x000000076b2d74a0) thrown at [C:\re\workspace\8-2-build-windows-amd64-cygwin\jdk8u221\13320\hotspot\src\share\vm\interpreter\linkResolver.cpp, line 1185]
Event: 0.388 Thread 0x000000001f188800 Exception <a 'java/lang/NullPointerException'> (0x000000076be0c840) thrown at [C:\re\workspace\8-2-build-windows-amd64-cygwin\jdk8u221\13320\hotspot\src\share\vm\interpreter\linkResolver.cpp, line 1185]
Event: 0.388 Thread 0x000000001f188800 Exception <a 'java/lang/NullPointerException'> (0x000000076be0c840) thrown at [C:\re\workspace\8-2-build-windows-amd64-cygwin\jdk8u221\13320\hotspot\src\share\vm\prims\jvm.cpp, line 1506]

Events (10 events):
Event: 1.997 loading class javafx/scene/layout/RowConstraints$4 done
Event: 1.997 loading class javafx/scene/layout/RowConstraints$6
Event: 1.997 loading class javafx/scene/layout/RowConstraints$6 done
Event: 1.998 loading class javafx/scene/layout/RowConstraints$5
Event: 1.998 loading class javafx/scene/layout/RowConstraints$5 done
Event: 2.000 Thread 0x000000001f188800 DEOPT PACKING pc=0x0000000002cd8ae5 sp=0x000000001ffcc7f0
Event: 2.000 Thread 0x000000001f188800 DEOPT UNPACKING pc=0x00000000029b7890 sp=0x000000001ffcc5e0 mode 0
Event: 2.000 Thread 0x000000001f188800 Uncommon trap: trap_request=0xffffff65 fr.pc=0x0000000002cdee14
Event: 2.000 Thread 0x000000001f188800 DEOPT PACKING pc=0x0000000002cdee14 sp=0x000000001ffcc880
Event: 2.000 Thread 0x000000001f188800 DEOPT UNPACKING pc=0x00000000029b583b sp=0x000000001ffcc860 mode 2


Dynamic libraries:
0x00007ff66fd30000 - 0x00007ff66fd67000 	C:\Program Files\Java\jre1.8.0_221\bin\javaw.exe
0x00007ff8f9b20000 - 0x00007ff8f9d10000 	C:\Windows\SYSTEM32\ntdll.dll
0x00007ff8f7bd0000 - 0x00007ff8f7c82000 	C:\Windows\System32\KERNEL32.DLL
0x00007ff8f7560000 - 0x00007ff8f7803000 	C:\Windows\System32\KERNELBASE.dll
0x00007ff8f7fe0000 - 0x00007ff8f8083000 	C:\Windows\System32\ADVAPI32.dll
0x00007ff8f9220000 - 0x00007ff8f92be000 	C:\Windows\System32\msvcrt.dll
0x00007ff8f9470000 - 0x00007ff8f9507000 	C:\Windows\System32\sechost.dll
0x00007ff8f98a0000 - 0x00007ff8f99c0000 	C:\Windows\System32\RPCRT4.dll
0x00007ff8f95c0000 - 0x00007ff8f9754000 	C:\Windows\System32\USER32.dll
0x00007ff8f6ab0000 - 0x00007ff8f6ad1000 	C:\Windows\System32\win32u.dll
0x00007ff8f9590000 - 0x00007ff8f95b6000 	C:\Windows\System32\GDI32.dll
0x00007ff8f7810000 - 0x00007ff8f79a4000 	C:\Windows\System32\gdi32full.dll
0x00007ff8f7340000 - 0x00007ff8f73de000 	C:\Windows\System32\msvcp_win.dll
0x00007ff8f79b0000 - 0x00007ff8f7aaa000 	C:\Windows\System32\ucrtbase.dll
0x00007ff8f5ea0000 - 0x00007ff8f6125000 	C:\Windows\WinSxS\amd64_microsoft.windows.common-controls_6595b64144ccf1df_6.0.18362.476_none_e6c4b11b130f2595\COMCTL32.dll
0x00007ff8f7ca0000 - 0x00007ff8f7fd6000 	C:\Windows\System32\combase.dll
0x00007ff8f6ae0000 - 0x00007ff8f6b60000 	C:\Windows\System32\bcryptPrimitives.dll
0x00007ff8f8a30000 - 0x00007ff8f8a5e000 	C:\Windows\System32\IMM32.DLL
0x00000000656d0000 - 0x00000000657a2000 	C:\Program Files\Java\jre1.8.0_221\bin\msvcr100.dll
0x0000000065890000 - 0x0000000066135000 	C:\Program Files\Java\jre1.8.0_221\bin\server\jvm.dll
0x00007ff8f7c90000 - 0x00007ff8f7c98000 	C:\Windows\System32\PSAPI.DLL
0x00007ff8f4930000 - 0x00007ff8f4939000 	C:\Windows\SYSTEM32\WSOCK32.dll
0x00007ff8ed610000 - 0x00007ff8ed61a000 	C:\Windows\SYSTEM32\VERSION.dll
0x00007ff8f26d0000 - 0x00007ff8f26f4000 	C:\Windows\SYSTEM32\WINMM.dll
0x00007ff8f8be0000 - 0x00007ff8f8c4f000 	C:\Windows\System32\WS2_32.dll
0x00007ff8f26a0000 - 0x00007ff8f26cd000 	C:\Windows\SYSTEM32\winmmbase.dll
0x00007ff8f7ab0000 - 0x00007ff8f7afa000 	C:\Windows\System32\cfgmgr32.dll
0x00007ff8f4890000 - 0x00007ff8f489f000 	C:\Program Files\Java\jre1.8.0_221\bin\verify.dll
0x00007ff8defa0000 - 0x00007ff8defc9000 	C:\Program Files\Java\jre1.8.0_221\bin\java.dll
0x00007ff8e6a50000 - 0x00007ff8e6a66000 	C:\Program Files\Java\jre1.8.0_221\bin\zip.dll
0x00007ff8f8280000 - 0x00007ff8f8965000 	C:\Windows\System32\SHELL32.dll
0x00007ff8f8980000 - 0x00007ff8f8a29000 	C:\Windows\System32\shcore.dll
0x00007ff8f6bc0000 - 0x00007ff8f733e000 	C:\Windows\System32\windows.storage.dll
0x00007ff8f6a70000 - 0x00007ff8f6a8f000 	C:\Windows\System32\profapi.dll
0x00007ff8f6a20000 - 0x00007ff8f6a6a000 	C:\Windows\System32\powrprof.dll
0x00007ff8f69f0000 - 0x00007ff8f6a00000 	C:\Windows\System32\UMPDC.dll
0x00007ff8f8220000 - 0x00007ff8f8272000 	C:\Windows\System32\shlwapi.dll
0x00007ff8f6a00000 - 0x00007ff8f6a11000 	C:\Windows\System32\kernel.appcore.dll
0x00007ff8f7b00000 - 0x00007ff8f7b17000 	C:\Windows\System32\cryptsp.dll
0x0000000002720000 - 0x0000000002723000 	C:\Program Files\Java\jre1.8.0_221\bin\api-ms-win-core-console-l1-1-0.dll
0x0000000002740000 - 0x0000000002743000 	C:\Program Files\Java\jre1.8.0_221\bin\api-ms-win-core-datetime-l1-1-0.dll
0x0000000002750000 - 0x0000000002753000 	C:\Program Files\Java\jre1.8.0_221\bin\api-ms-win-core-debug-l1-1-0.dll
0x000000001f900000 - 0x000000001f903000 	C:\Program Files\Java\jre1.8.0_221\bin\api-ms-win-core-errorhandling-l1-1-0.dll
0x000000001f910000 - 0x000000001f914000 	C:\Program Files\Java\jre1.8.0_221\bin\api-ms-win-core-file-l1-1-0.dll
0x000000001f920000 - 0x000000001f923000 	C:\Program Files\Java\jre1.8.0_221\bin\api-ms-win-core-file-l1-2-0.dll
0x000000001f930000 - 0x000000001f933000 	C:\Program Files\Java\jre1.8.0_221\bin\api-ms-win-core-file-l2-1-0.dll
0x000000001f940000 - 0x000000001f943000 	C:\Program Files\Java\jre1.8.0_221\bin\api-ms-win-core-handle-l1-1-0.dll
0x000000001f950000 - 0x000000001f953000 	C:\Program Files\Java\jre1.8.0_221\bin\api-ms-win-core-heap-l1-1-0.dll
0x000000001f960000 - 0x000000001f963000 	C:\Program Files\Java\jre1.8.0_221\bin\api-ms-win-core-interlocked-l1-1-0.dll
0x000000001f970000 - 0x000000001f973000 	C:\Program Files\Java\jre1.8.0_221\bin\api-ms-win-core-libraryloader-l1-1-0.dll
0x000000001f980000 - 0x000000001f983000 	C:\Program Files\Java\jre1.8.0_221\bin\api-ms-win-core-localization-l1-2-0.dll
0x000000001f990000 - 0x000000001f993000 	C:\Program Files\Java\jre1.8.0_221\bin\api-ms-win-core-memory-l1-1-0.dll
0x000000001f9a0000 - 0x000000001f9a3000 	C:\Program Files\Java\jre1.8.0_221\bin\api-ms-win-core-namedpipe-l1-1-0.dll
0x000000001f9b0000 - 0x000000001f9b3000 	C:\Program Files\Java\jre1.8.0_221\bin\api-ms-win-core-processenvironment-l1-1-0.dll
0x000000001f9c0000 - 0x000000001f9c3000 	C:\Program Files\Java\jre1.8.0_221\bin\api-ms-win-core-processthreads-l1-1-0.dll
0x000000001f9d0000 - 0x000000001f9d3000 	C:\Program Files\Java\jre1.8.0_221\bin\api-ms-win-core-processthreads-l1-1-1.dll
0x000000001f9e0000 - 0x000000001f9e3000 	C:\Program Files\Java\jre1.8.0_221\bin\api-ms-win-core-profile-l1-1-0.dll
0x000000001f9f0000 - 0x000000001f9f3000 	C:\Program Files\Java\jre1.8.0_221\bin\api-ms-win-core-rtlsupport-l1-1-0.dll
0x000000001fa00000 - 0x000000001fa03000 	C:\Program Files\Java\jre1.8.0_221\bin\api-ms-win-core-string-l1-1-0.dll
0x000000001fa10000 - 0x000000001fa13000 	C:\Program Files\Java\jre1.8.0_221\bin\api-ms-win-core-synch-l1-1-0.dll
0x000000001fa20000 - 0x000000001fa23000 	C:\Program Files\Java\jre1.8.0_221\bin\api-ms-win-core-synch-l1-2-0.dll
0x000000001fa30000 - 0x000000001fa33000 	C:\Program Files\Java\jre1.8.0_221\bin\api-ms-win-core-sysinfo-l1-1-0.dll
0x000000001fa40000 - 0x000000001fa43000 	C:\Program Files\Java\jre1.8.0_221\bin\api-ms-win-core-timezone-l1-1-0.dll
0x000000001fa50000 - 0x000000001fa53000 	C:\Program Files\Java\jre1.8.0_221\bin\api-ms-win-core-util-l1-1-0.dll
0x000000001fa60000 - 0x000000001fa63000 	C:\Program Files\Java\jre1.8.0_221\bin\api-ms-win-crt-conio-l1-1-0.dll
0x000000001fa70000 - 0x000000001fa74000 	C:\Program Files\Java\jre1.8.0_221\bin\api-ms-win-crt-convert-l1-1-0.dll
0x000000001fa80000 - 0x000000001fa83000 	C:\Program Files\Java\jre1.8.0_221\bin\api-ms-win-crt-environment-l1-1-0.dll
0x000000001fa90000 - 0x000000001fa93000 	C:\Program Files\Java\jre1.8.0_221\bin\api-ms-win-crt-filesystem-l1-1-0.dll
0x000000001faa0000 - 0x000000001faa3000 	C:\Program Files\Java\jre1.8.0_221\bin\api-ms-win-crt-heap-l1-1-0.dll
0x000000001fab0000 - 0x000000001fab3000 	C:\Program Files\Java\jre1.8.0_221\bin\api-ms-win-crt-locale-l1-1-0.dll
0x000000001fac0000 - 0x000000001fac5000 	C:\Program Files\Java\jre1.8.0_221\bin\api-ms-win-crt-math-l1-1-0.dll
0x000000001fad0000 - 0x000000001fad5000 	C:\Program Files\Java\jre1.8.0_221\bin\api-ms-win-crt-multibyte-l1-1-0.dll
0x000000001fae0000 - 0x000000001faf0000 	C:\Program Files\Java\jre1.8.0_221\bin\api-ms-win-crt-private-l1-1-0.dll
0x000000001faf0000 - 0x000000001faf3000 	C:\Program Files\Java\jre1.8.0_221\bin\api-ms-win-crt-process-l1-1-0.dll
0x000000001fb00000 - 0x000000001fb04000 	C:\Program Files\Java\jre1.8.0_221\bin\api-ms-win-crt-runtime-l1-1-0.dll
0x000000001fb10000 - 0x000000001fb14000 	C:\Program Files\Java\jre1.8.0_221\bin\api-ms-win-crt-stdio-l1-1-0.dll
0x000000001fb20000 - 0x000000001fb24000 	C:\Program Files\Java\jre1.8.0_221\bin\api-ms-win-crt-string-l1-1-0.dll
0x000000001fb30000 - 0x000000001fb33000 	C:\Program Files\Java\jre1.8.0_221\bin\api-ms-win-crt-time-l1-1-0.dll
0x000000001fb40000 - 0x000000001fb43000 	C:\Program Files\Java\jre1.8.0_221\bin\api-ms-win-crt-utility-l1-1-0.dll
0x00007ff8d1dd0000 - 0x00007ff8d1ec6000 	C:\Program Files\Java\jre1.8.0_221\bin\ucrtbase.dll
0x00007ff8d2880000 - 0x00007ff8d2896000 	C:\Program Files\Java\jre1.8.0_221\bin\vcruntime140.dll
0x00007ff8d17e0000 - 0x00007ff8d188a000 	C:\Program Files\Java\jre1.8.0_221\bin\msvcp140.dll
0x00007ff8d2820000 - 0x00007ff8d2874000 	C:\Program Files\Java\jre1.8.0_221\bin\concrt140.dll
0x00007ff8d17b0000 - 0x00007ff8d17d3000 	C:\Program Files\Java\jre1.8.0_221\bin\prism_d3d.dll
0x00007ff8d15e0000 - 0x00007ff8d17a7000 	C:\Windows\system32\d3d9.dll
0x00007ff8f42b0000 - 0x00007ff8f42dd000 	C:\Windows\SYSTEM32\dwmapi.dll
0x00007ff8f4ff0000 - 0x00007ff8f5010000 	C:\Windows\SYSTEM32\dxcore.dll
0x00007ff8f3e90000 - 0x00007ff8f3f29000 	C:\Windows\system32\uxtheme.dll
0x00007ff8c0730000 - 0x00007ff8c1667000 	C:\Windows\SYSTEM32\nvd3dumx.dll
0x00007ff8d1590000 - 0x00007ff8d15d9000 	C:\Program Files\Java\jre1.8.0_221\bin\glass.dll
0x00007ff8f80f0000 - 0x00007ff8f81c0000 	C:\Windows\System32\COMDLG32.dll
0x00007ff8f8c50000 - 0x00007ff8f8da6000 	C:\Windows\System32\ole32.dll
0x00007ff8f8b10000 - 0x00007ff8f8bd4000 	C:\Windows\System32\OLEAUT32.dll
0x00007ff8f9760000 - 0x00007ff8f9896000 	C:\Windows\System32\MSCTF.dll
0x00007ff8eb8c0000 - 0x00007ff8eba20000 	C:\Program Files (x86)\NVIDIA Corporation\3D Vision\nvSCPAPI64.dll
0x00007ff8f8db0000 - 0x00007ff8f9220000 	C:\Windows\System32\SETUPAPI.dll
0x00007ff8f7530000 - 0x00007ff8f7556000 	C:\Windows\System32\bcrypt.dll
0x00007ff8d2790000 - 0x00007ff8d27a4000 	C:\Program Files\Java\jre1.8.0_221\bin\javafx_font.dll
0x00007ff8e8e50000 - 0x00007ff8e914e000 	C:\Windows\SYSTEM32\dwrite.dll
0x00007ff8f8a60000 - 0x00007ff8f8b02000 	C:\Windows\System32\clbcatq.dll
0x00007ff8ef8f0000 - 0x00007ff8efa9f000 	C:\Windows\SYSTEM32\WindowsCodecs.dll
0x00007ff8db3a0000 - 0x00007ff8db3da000 	C:\Windows\system32\dataexchange.dll
0x00007ff8f2da0000 - 0x00007ff8f2ffb000 	C:\Windows\system32\d3d11.dll
0x00007ff8f3460000 - 0x00007ff8f363b000 	C:\Windows\system32\dcomp.dll
0x00007ff8f5080000 - 0x00007ff8f516b000 	C:\Windows\system32\dxgi.dll
0x00007ff8f3f60000 - 0x00007ff8f41ba000 	C:\Windows\system32\twinapi.appcore.dll
0x00007ff8f42e0000 - 0x00007ff8f4309000 	C:\Windows\system32\RMCLIENT.dll
0x00007ff8d9ba0000 - 0x00007ff8d9bd3000 	C:\Program Files\Common Files\Microsoft Shared\Ink\rtscom.dll
0x00007ff8eaab0000 - 0x00007ff8eab4e000 	C:\Windows\System32\TextInputFramework.dll
0x00007ff8f0250000 - 0x00007ff8f057a000 	C:\Windows\System32\CoreUIComponents.dll
0x00007ff8f3670000 - 0x00007ff8f3744000 	C:\Windows\System32\CoreMessaging.dll
0x00007ff8f6470000 - 0x00007ff8f64a1000 	C:\Windows\SYSTEM32\ntmarta.dll
0x00007ff8f1710000 - 0x00007ff8f1863000 	C:\Windows\SYSTEM32\wintypes.dll
0x00007ff8e9490000 - 0x00007ff8e9736000 	C:\Windows\System32\iertutil.dll
0x00007ff8f2700000 - 0x00007ff8f2cc0000 	C:\Windows\SYSTEM32\d2d1.dll
0x00007ff8bb2a0000 - 0x00007ff8bb9e1000 	C:\Windows\SYSTEM32\D3D10Warp.dll

VM Arguments:
jvm_args: -Dfile.encoding=Cp1252 
java_command: controleurEtVue.InterfaceGraphiqueMenu
java_class_path (initial): C:\Users\GabrielMarrero\Documents\Projet3Objet2-RushHour\Projet3\bin;C:\Users\GabrielMarrero\.p2\pool\plugins\org.eclipse.fx.ide.css.jfx8_1.2.0.201501301049.jar
Launcher Type: SUN_STANDARD

Environment Variables:
PATH=C:/Program Files/Java/jre1.8.0_221/bin/server;C:/Program Files/Java/jre1.8.0_221/bin;C:/Program Files/Java/jre1.8.0_221/lib/amd64;C:\Program Files (x86)\Intel\iCLS Client\;C:\Program Files\Intel\iCLS Client\;C:\Program Files (x86)\Common Files\Oracle\Java\javapath;C:\Windows\system32;C:\Windows;C:\Windows\System32\Wbem;C:\Windows\System32\WindowsPowerShell\v1.0\;C:\Windows\System32\OpenSSH\;C:\Program Files\dotnet\;C:\Program Files\Microsoft SQL Server\130\Tools\Binn\;C:\Program Files (x86)\Microsoft SQL Server\150\DTS\Binn\;C:\Program Files\Git\cmd;C:\Program Files\nodejs\;C:\Program Files\Intel\Intel(R) Management Engine Components\DAL;C:\Program Files (x86)\Intel\Intel(R) Management Engine Components\DAL;C:\Program Files\Intel\Intel(R) Management Engine Components\IPT;C:\Program Files (x86)\Intel\Intel(R) Management Engine Components\IPT;C:\Users\GabrielMarrero\AppData\Local\Microsoft\WindowsApps;;C:\Users\GabrielMarrero\AppData\Local\Programs\Microsoft VS Code\bin;C:\Users\GabrielMarrero\AppData\Roaming\npm;C:\Users\GabrielMarrero\eclipse\java-2019-062\eclipse;
USERNAME=GabrielMarrero
OS=Windows_NT
PROCESSOR_IDENTIFIER=Intel64 Family 6 Model 58 Stepping 9, GenuineIntel



---------------  S Y S T E M  ---------------

OS: Windows 10.0 , 64 bit Build 18362 (10.0.18362.329)

CPU:total 8 (initial active 8) (4 cores per cpu, 2 threads per core) family 6 model 58 stepping 9, cmov, cx8, fxsr, mmx, sse, sse2, sse3, ssse3, sse4.1, sse4.2, popcnt, avx, aes, clmul, erms, ht, tsc, tscinvbit, tscinv

Memory: 4k page, physical 16714424k(9087584k free), swap 29025076k(5148k free)

vm_info: Java HotSpot(TM) 64-Bit Server VM (25.221-b11) for windows-amd64 JRE (1.8.0_221-b11), built on Jul  4 2019 04:39:29 by "java_re" with MS VC++ 10.0 (VS2010)

time: Wed Dec 11 16:07:01 2019
timezone: Est
elapsed time: 2 seconds (0d 0h 0m 2s)

